Using pre-set license

 COMMAND LINE ARGUMENTS:
/Applications/Unity/Hub/Editor/2020.2.7f1/Unity.app/Contents/MacOS/Unity
-adb2
-batchMode
-noUpm
-name
AssetImportWorker0
-projectPath
/Users/shimorin/Creative Cloud Files/LA_unity/Original_LA
-logFile
Logs/AssetImportWorker0.log
-srvPort
52071
Successfully changed project path to: /Users/shimorin/Creative Cloud Files/LA_unity/Original_LA
/Users/shimorin/Creative Cloud Files/LA_unity/Original_LA
Using Asset Import Pipeline V2.
Refreshing native plugins compatible for Editor in 31.33 ms, found 1 plugins.
Preloading 0 native plugins for Editor in 0.00 ms.
Initialize engine version: 2020.2.7f1 (c53830e277f1)
[Subsystems] Discovering subsystems at path /Applications/Unity/Hub/Editor/2020.2.7f1/Unity.app/Contents/Resources/UnitySubsystems
[Subsystems] Discovering subsystems at path /Users/shimorin/Creative Cloud Files/LA_unity/Original_LA/Assets
GfxDevice: creating device client; threaded=0
2023-09-04 11:02:12.229 Unity[16167:608830] (null) preferred device: Apple M1 Pro (high power)
2023-09-04 11:02:12.230 Unity[16167:608830] Metal devices available: 1
2023-09-04 11:02:12.230 Unity[16167:608830] 0: Apple M1 Pro (high power)
2023-09-04 11:02:12.230 Unity[16167:608830] Using device Apple M1 Pro (high power)
Initializing Metal device caps: Apple M1 Pro
Initialize mono
Mono path[0] = '/Applications/Unity/Hub/Editor/2020.2.7f1/Unity.app/Contents/Managed'
Mono path[1] = '/Applications/Unity/Hub/Editor/2020.2.7f1/Unity.app/Contents/MonoBleedingEdge/lib/mono/unityjit'
Mono config path = '/Applications/Unity/Hub/Editor/2020.2.7f1/Unity.app/Contents/MonoBleedingEdge/etc'
Using monoOptions --debugger-agent=transport=dt_socket,embedding=1,server=y,suspend=n,address=127.0.0.1:56167
Begin MonoManager ReloadAssembly
Registering precompiled unity dll's ...
Register platform support module: /Applications/Unity/Hub/Editor/2020.2.7f1/Unity.app/Contents/PlaybackEngines/MacStandaloneSupport/UnityEditor.OSXStandalone.Extensions.dll
Registered in 0.000960 seconds.
Native extension for OSXStandalone target not found
Refreshing native plugins compatible for Editor in 30.57 ms, found 1 plugins.
Preloading 0 native plugins for Editor in 0.00 ms.
Invoked RoslynAnalysisRunner static constructor.
RoslynAnalysisRunner will not be running.
RoslynAnalysisRunner has terminated.
Mono: successfully reloaded assembly
- Completed reload, in  2.415 seconds
Platform modules already initialized, skipping
Registering precompiled user dll's ...
Registered in 0.001265 seconds.
Begin MonoManager ReloadAssembly
Native extension for OSXStandalone target not found
Refreshing native plugins compatible for Editor in 33.57 ms, found 1 plugins.
Preloading 0 native plugins for Editor in 0.00 ms.
Invoked RoslynAnalysisRunner static constructor.
RoslynAnalysisRunner will not be running.
RoslynAnalysisRunner has terminated.
Mono: successfully reloaded assembly
- Completed reload, in  1.934 seconds
Platform modules already initialized, skipping
========================================================================
Worker process is ready to serve import requests
Launching external process: /Applications/Unity/Hub/Editor/2020.2.7f1/Unity.app/Contents/Tools/UnityShaderCompiler
Launched and connected shader compiler UnityShaderCompiler after 0.04 seconds
Refreshing native plugins compatible for Editor in 0.30 ms, found 1 plugins.
Preloading 0 native plugins for Editor in 0.00 ms.
Unloading 1573 Unused Serialized files (Serialized files now loaded: 0)
System memory in use before: 62.1 MB.
System memory in use after: 61.3 MB.

Unloading 17 unused Assets to reduce memory usage. Loaded Objects now: 2015.
Total: 2.250125 ms (FindLiveObjects: 0.155584 ms CreateObjectMapping: 0.031541 ms MarkObjects: 1.288333 ms  DeleteObjects: 0.771750 ms)

========================================================================
Received Import Request.
  path: Assets/AlgorithmScript.cs
  artifactKey: Guid(b32e815256dc84f2c98806170edebe66) Importer(815301076,1909f56bfc062723c751e8b465ee728b)
Start importing Assets/AlgorithmScript.cs using Guid(b32e815256dc84f2c98806170edebe66) Importer(815301076,1909f56bfc062723c751e8b465ee728b)  -> (artifact id: '0868a00c36eb87b6dd0d647afbd973a8') in 0.287304 seconds
  Import took 0.290037 seconds .

========================================================================
Received Prepare
Registering precompiled user dll's ...
Registered in 0.000521 seconds.
Begin MonoManager ReloadAssembly
Native extension for OSXStandalone target not found
Refreshing native plugins compatible for Editor in 0.30 ms, found 1 plugins.
Preloading 0 native plugins for Editor in 0.00 ms.
Invoked RoslynAnalysisRunner static constructor.
RoslynAnalysisRunner will not be running.
RoslynAnalysisRunner has terminated.
Mono: successfully reloaded assembly
- Completed reload, in  1.780 seconds
Platform modules already initialized, skipping
Refreshing native plugins compatible for Editor in 0.32 ms, found 1 plugins.
Preloading 0 native plugins for Editor in 0.00 ms.
Unloading 1567 Unused Serialized files (Serialized files now loaded: 0)
System memory in use before: 142.8 MB.
System memory in use after: 142.0 MB.

Unloading 10 unused Assets to reduce memory usage. Loaded Objects now: 2018.
Total: 2.108917 ms (FindLiveObjects: 0.149791 ms CreateObjectMapping: 0.029708 ms MarkObjects: 1.229542 ms  DeleteObjects: 0.698708 ms)

========================================================================
Received Prepare
Registering precompiled user dll's ...
Registered in 0.000468 seconds.
Begin MonoManager ReloadAssembly
Native extension for OSXStandalone target not found
Refreshing native plugins compatible for Editor in 0.28 ms, found 1 plugins.
Preloading 0 native plugins for Editor in 0.00 ms.
Invoked RoslynAnalysisRunner static constructor.
RoslynAnalysisRunner will not be running.
RoslynAnalysisRunner has terminated.
Mono: successfully reloaded assembly
- Completed reload, in  1.680 seconds
Platform modules already initialized, skipping
Refreshing native plugins compatible for Editor in 0.24 ms, found 1 plugins.
Preloading 0 native plugins for Editor in 0.00 ms.
Unloading 1567 Unused Serialized files (Serialized files now loaded: 0)
System memory in use before: 144.8 MB.
System memory in use after: 144.0 MB.

Unloading 10 unused Assets to reduce memory usage. Loaded Objects now: 2021.
Total: 1.981500 ms (FindLiveObjects: 0.144459 ms CreateObjectMapping: 0.030250 ms MarkObjects: 1.103084 ms  DeleteObjects: 0.702750 ms)

========================================================================
Received Import Request.
  Time since last request: 769.786307 seconds.
  path: Assets/AlgorithmScript.cs
  artifactKey: Guid(b32e815256dc84f2c98806170edebe66) Importer(815301076,1909f56bfc062723c751e8b465ee728b)
Start importing Assets/AlgorithmScript.cs using Guid(b32e815256dc84f2c98806170edebe66) Importer(815301076,1909f56bfc062723c751e8b465ee728b)  -> (artifact id: '1d63b0299dfcadcc9041e0c0d17de750') in 0.006706 seconds
  Import took 0.008513 seconds .

========================================================================
Received Prepare
Registering precompiled user dll's ...
Registered in 0.001964 seconds.
Begin MonoManager ReloadAssembly
Native extension for OSXStandalone target not found
Refreshing native plugins compatible for Editor in 0.28 ms, found 1 plugins.
Preloading 0 native plugins for Editor in 0.00 ms.
Invoked RoslynAnalysisRunner static constructor.
RoslynAnalysisRunner will not be running.
RoslynAnalysisRunner has terminated.
Mono: successfully reloaded assembly
- Completed reload, in  1.638 seconds
Platform modules already initialized, skipping
Refreshing native plugins compatible for Editor in 0.22 ms, found 1 plugins.
Preloading 0 native plugins for Editor in 0.00 ms.
Unloading 1567 Unused Serialized files (Serialized files now loaded: 0)
System memory in use before: 146.7 MB.
System memory in use after: 145.9 MB.

Unloading 10 unused Assets to reduce memory usage. Loaded Objects now: 2024.
Total: 2.005750 ms (FindLiveObjects: 0.154500 ms CreateObjectMapping: 0.030333 ms MarkObjects: 1.124084 ms  DeleteObjects: 0.695708 ms)

